[INFO][jwt.go:32]2020/04/14 09:54:55 [{ 0}]
[INFO][jwt.go:28]2020/04/14 09:58:15 [d89f1f28f6a10a9a859e781dbb79a2b39bff75a2]
[INFO][jwt.go:22]2020/04/14 09:58:57 [d89f1f28f6a10a9a859e781dbb79a2b39bff75a2]
[INFO][jwt.go:35]2020/04/14 09:58:57 [{ 0}]
[INFO][jwt.go:22]2020/04/14 10:01:01 [d89f1f28f6a10a9a859e781dbb79a2b39bff75a2]
[INFO][jwt.go:25]2020/04/14 10:01:01 [d89f1f28f6a10a9a859e781dbb79a2b39bff75a2]
[INFO][jwt.go:35]2020/04/14 10:01:01 [{d89f1f28f6a10a9a859e781dbb79a2b39bff75a2 12479036}]
[INFO][jwt.go:22]2020/04/14 10:02:05 [d89f1f28f6a10a9a859e781dbb79a2b39bff75a2]
[INFO][jwt.go:25]2020/04/14 10:02:05 [d89f1f28f6a10a9a859e781dbb79a2b39bff75a2]
[INFO][question.go:33]2020/04/14 10:02:05 [0 {喜欢 [hello1 hello1]}]
[INFO][question.go:33]2020/04/14 10:02:05 [1 {非常喜欢 [hello2 hello2]}]
[INFO][question.go:33]2020/04/14 10:02:05 [2 {十分喜欢 [hello3 hello3]}]
[INFO][question.go:33]2020/04/14 10:02:05 [3 {比较喜欢 [hello4 hello4]}]
[INFO][jwt.go:22]2020/04/14 10:08:04 [d89f1f28f6a10a9a859e781dbb79a2b39bff75a2]
[INFO][jwt.go:25]2020/04/14 10:08:04 [d89f1f28f6a10a9a859e781dbb79a2b39bff75a2]
[INFO][question.go:17]2020/04/14 10:08:04 [12479036]
[INFO][question.go:33]2020/04/14 10:08:04 [0 {喜欢 [hello1 hello1]}]
[INFO][question.go:33]2020/04/14 10:08:04 [1 {非常喜欢 [hello2 hello2]}]
[INFO][question.go:33]2020/04/14 10:08:04 [2 {十分喜欢 [hello3 hello3]}]
[INFO][question.go:33]2020/04/14 10:08:04 [3 {比较喜欢 [hello4 hello4]}]
