[INFO][question.go:28]2020/04/13 09:51:30 [aaa {"answer":"喜欢","key_word":["hello1","hello1"]} bbb]
[INFO][question.go:30]2020/04/13 09:51:30 [<nil>]
[INFO][question.go:28]2020/04/13 16:29:22 [aaa  bbb]
[INFO][question.go:30]2020/04/13 16:29:22 [unexpected end of JSON input]
[INFO][question.go:28]2020/04/13 16:31:55 [aaa {"answer":"喜欢","key_word":["hello1","hello1"]} bbb]
[INFO][question.go:30]2020/04/13 16:31:55 [<nil>]
[INFO][question.go:28]2020/04/13 16:32:56 [aaa {"answer":"喜欢","key_word":["hello1","hello1"]} bbb]
[INFO][question.go:30]2020/04/13 16:32:56 [<nil>]
[INFO][question.go:28]2020/04/13 16:32:57 [aaa {"answer":"喜欢","key_word":["hello1","hello1"]} bbb]
[INFO][question.go:30]2020/04/13 16:32:57 [<nil>]
[INFO][question.go:28]2020/04/13 16:32:57 [aaa {"answer":"喜欢","key_word":["hello1","hello1"]} bbb]
[INFO][question.go:30]2020/04/13 16:32:57 [<nil>]
[INFO][question.go:28]2020/04/13 16:32:58 [aaa {"answer":"喜欢","key_word":["hello1","hello1"]} bbb]
[INFO][question.go:30]2020/04/13 16:32:58 [<nil>]
[INFO][question.go:28]2020/04/13 16:32:58 [aaa {"answer":"喜欢","key_word":["hello1","hello1"]} bbb]
[INFO][question.go:30]2020/04/13 16:32:58 [<nil>]
[INFO][question.go:28]2020/04/13 16:32:59 [aaa {"answer":"喜欢","key_word":["hello1","hello1"]} bbb]
[INFO][question.go:30]2020/04/13 16:32:59 [<nil>]
[INFO][question.go:28]2020/04/13 16:32:59 [aaa {"answer":"喜欢","key_word":["hello1","hello1"]} bbb]
[INFO][question.go:30]2020/04/13 16:32:59 [<nil>]
[INFO][question.go:28]2020/04/13 16:33:00 [aaa {"answer":"喜欢","key_word":["hello1","hello1"]} bbb]
[INFO][question.go:30]2020/04/13 16:33:00 [<nil>]
[INFO][question.go:28]2020/04/13 16:33:18 [aaa  bbb]
[INFO][question.go:30]2020/04/13 16:33:18 [unexpected end of JSON input]
[INFO][question.go:28]2020/04/13 16:33:19 [aaa  bbb]
[INFO][question.go:30]2020/04/13 16:33:19 [unexpected end of JSON input]
[INFO][question.go:28]2020/04/13 16:33:19 [aaa  bbb]
[INFO][question.go:30]2020/04/13 16:33:19 [unexpected end of JSON input]
[INFO][question.go:28]2020/04/13 16:33:20 [aaa  bbb]
[INFO][question.go:30]2020/04/13 16:33:20 [unexpected end of JSON input]
[INFO][question.go:28]2020/04/13 16:33:21 [aaa  bbb]
[INFO][question.go:30]2020/04/13 16:33:21 [unexpected end of JSON input]
[INFO][question.go:28]2020/04/13 16:33:21 [aaa  bbb]
[INFO][question.go:30]2020/04/13 16:33:21 [unexpected end of JSON input]
[INFO][question.go:28]2020/04/13 16:33:23 [aaa  bbb]
[INFO][question.go:30]2020/04/13 16:33:23 [unexpected end of JSON input]
[INFO][question.go:28]2020/04/13 16:33:56 [aaa {"answer":"喜欢","key_word":["hello1","hello1"]} bbb]
[INFO][question.go:30]2020/04/13 16:33:56 [<nil>]
[INFO][question.go:28]2020/04/13 16:33:57 [aaa {"answer":"喜欢","key_word":["hello1","hello1"]} bbb]
[INFO][question.go:30]2020/04/13 16:33:57 [<nil>]
[INFO][question.go:28]2020/04/13 16:33:58 [aaa {"answer":"喜欢","key_word":["hello1","hello1"]} bbb]
[INFO][question.go:30]2020/04/13 16:33:58 [<nil>]
[INFO][question.go:28]2020/04/13 16:33:58 [aaa {"answer":"喜欢","key_word":["hello1","hello1"]} bbb]
[INFO][question.go:30]2020/04/13 16:33:58 [<nil>]
[INFO][question.go:28]2020/04/13 16:33:59 [aaa {"answer":"喜欢","key_word":["hello1","hello1"]} bbb]
[INFO][question.go:30]2020/04/13 16:33:59 [<nil>]
[INFO][question.go:28]2020/04/13 16:34:00 [aaa {"answer":"喜欢","key_word":["hello1","hello1"]} bbb]
[INFO][question.go:30]2020/04/13 16:34:00 [<nil>]
[INFO][question.go:28]2020/04/13 16:34:01 [aaa {"answer":"喜欢","key_word":["hello1","hello1"]} bbb]
[INFO][question.go:30]2020/04/13 16:34:01 [<nil>]
[INFO][question.go:28]2020/04/13 16:34:01 [aaa {"answer":"喜欢","key_word":["hello1","hello1"]} bbb]
[INFO][question.go:30]2020/04/13 16:34:01 [<nil>]
[INFO][question.go:28]2020/04/13 16:34:02 [aaa {"answer":"喜欢","key_word":["hello1","hello1"]} bbb]
[INFO][question.go:30]2020/04/13 16:34:02 [<nil>]
[INFO][question.go:28]2020/04/13 16:39:48 [aaa {"answer":"喜欢","key_word":["hello1","hello1"]} bbb]
[INFO][question.go:30]2020/04/13 16:39:48 [<nil>]
[INFO][question.go:28]2020/04/13 16:39:49 [aaa {"answer":"喜欢","key_word":["hello1","hello1"]} bbb]
[INFO][question.go:30]2020/04/13 16:39:49 [<nil>]
[INFO][question.go:28]2020/04/13 16:39:49 [aaa {"answer":"喜欢","key_word":["hello1","hello1"]} bbb]
[INFO][question.go:30]2020/04/13 16:39:49 [<nil>]
[INFO][question.go:28]2020/04/13 16:39:50 [aaa {"answer":"喜欢","key_word":["hello1","hello1"]} bbb]
[INFO][question.go:30]2020/04/13 16:39:50 [<nil>]
[INFO][question.go:28]2020/04/13 16:39:51 [aaa {"answer":"喜欢","key_word":["hello1","hello1"]} bbb]
[INFO][question.go:30]2020/04/13 16:39:51 [<nil>]
[INFO][question.go:28]2020/04/13 16:39:52 [aaa {"answer":"喜欢","key_word":["hello1","hello1"]} bbb]
[INFO][question.go:30]2020/04/13 16:39:52 [<nil>]
[INFO][question.go:28]2020/04/13 16:39:53 [aaa {"answer":"喜欢","key_word":["hello1","hello1"]} bbb]
[INFO][question.go:30]2020/04/13 16:39:53 [<nil>]
[INFO][question.go:28]2020/04/13 16:39:53 [aaa {"answer":"喜欢","key_word":["hello1","hello1"]} bbb]
[INFO][question.go:30]2020/04/13 16:39:53 [<nil>]
[INFO][question.go:28]2020/04/13 16:39:54 [aaa {"answer":"喜欢","key_word":["hello1","hello1"]} bbb]
[INFO][question.go:30]2020/04/13 16:39:54 [<nil>]
[INFO][question.go:28]2020/04/13 16:39:54 [aaa {"answer":"喜欢","key_word":["hello1","hello1"]} bbb]
[INFO][question.go:30]2020/04/13 16:39:54 [<nil>]
[INFO][question.go:28]2020/04/13 16:39:55 [aaa {"answer":"喜欢","key_word":["hello1","hello1"]} bbb]
[INFO][question.go:30]2020/04/13 16:39:55 [<nil>]
[INFO][question.go:28]2020/04/13 16:40:21 [aaa {"answer":"喜欢","key_word":["hello1","hello1"]} bbb]
[INFO][question.go:30]2020/04/13 16:40:21 [<nil>]
[INFO][question.go:28]2020/04/13 16:40:21 [aaa {"answer":"喜欢","key_word":["hello1","hello1"]} bbb]
[INFO][question.go:30]2020/04/13 16:40:21 [<nil>]
[INFO][question.go:28]2020/04/13 16:40:22 [aaa {"answer":"喜欢","key_word":["hello1","hello1"]} bbb]
[INFO][question.go:30]2020/04/13 16:40:22 [<nil>]
[INFO][question.go:28]2020/04/13 16:40:23 [aaa {"answer":"喜欢","key_word":["hello1","hello1"]} bbb]
[INFO][question.go:30]2020/04/13 16:40:23 [<nil>]
[INFO][question.go:28]2020/04/13 16:40:24 [aaa {"answer":"喜欢","key_word":["hello1","hello1"]} bbb]
[INFO][question.go:30]2020/04/13 16:40:24 [<nil>]
[INFO][question.go:28]2020/04/13 16:40:25 [aaa {"answer":"喜欢","key_word":["hello1","hello1"]} bbb]
[INFO][question.go:30]2020/04/13 16:40:25 [<nil>]
[INFO][question.go:28]2020/04/13 16:40:27 [aaa {"answer":"喜欢","key_word":["hello1","hello1"]} bbb]
[INFO][question.go:30]2020/04/13 16:40:27 [<nil>]
[INFO][question.go:28]2020/04/13 16:40:28 [aaa {"answer":"喜欢","key_word":["hello1","hello1"]} bbb]
[INFO][question.go:30]2020/04/13 16:40:28 [<nil>]
[INFO][question.go:28]2020/04/13 16:40:28 [aaa {"answer":"喜欢","key_word":["hello1","hello1"]} bbb]
[INFO][question.go:30]2020/04/13 16:40:28 [<nil>]
[INFO][question.go:28]2020/04/13 16:40:39 [aaa {"answer":"喜欢","key_word":["hello1","hello1"]} bbb]
[INFO][question.go:30]2020/04/13 16:40:39 [<nil>]
[INFO][question.go:28]2020/04/13 16:40:41 [aaa {"answer":"喜欢","key_word":["hello1","hello1"]} bbb]
[INFO][question.go:30]2020/04/13 16:40:41 [<nil>]
[INFO][question.go:28]2020/04/13 16:40:43 [aaa {"answer":"喜欢","key_word":["hello1","hello1"]} bbb]
[INFO][question.go:30]2020/04/13 16:40:43 [<nil>]
[INFO][question.go:28]2020/04/13 16:40:43 [aaa {"answer":"喜欢","key_word":["hello1","hello1"]} bbb]
[INFO][question.go:30]2020/04/13 16:40:43 [<nil>]
[INFO][question.go:28]2020/04/13 16:40:44 [aaa {"answer":"喜欢","key_word":["hello1","hello1"]} bbb]
[INFO][question.go:30]2020/04/13 16:40:44 [<nil>]
[INFO][question.go:28]2020/04/13 16:40:44 [aaa {"answer":"喜欢","key_word":["hello1","hello1"]} bbb]
[INFO][question.go:30]2020/04/13 16:40:44 [<nil>]
[INFO][question.go:28]2020/04/13 16:40:44 [aaa {"answer":"喜欢","key_word":["hello1","hello1"]} bbb]
[INFO][question.go:30]2020/04/13 16:40:44 [<nil>]
[INFO][question.go:28]2020/04/13 16:40:44 [aaa {"answer":"喜欢","key_word":["hello1","hello1"]} bbb]
[INFO][question.go:30]2020/04/13 16:40:44 [<nil>]
[INFO][question.go:28]2020/04/13 16:40:44 [aaa {"answer":"喜欢","key_word":["hello1","hello1"]} bbb]
[INFO][question.go:30]2020/04/13 16:40:44 [<nil>]
[INFO][question.go:28]2020/04/13 16:40:44 [aaa {"answer":"喜欢","key_word":["hello1","hello1"]} bbb]
[INFO][question.go:30]2020/04/13 16:40:44 [<nil>]
[INFO][question.go:28]2020/04/13 16:40:45 [aaa {"answer":"喜欢","key_word":["hello1","hello1"]} bbb]
[INFO][question.go:30]2020/04/13 16:40:45 [<nil>]
[INFO][question.go:28]2020/04/13 16:40:45 [aaa {"answer":"喜欢","key_word":["hello1","hello1"]} bbb]
[INFO][question.go:30]2020/04/13 16:40:45 [<nil>]
[INFO][question.go:28]2020/04/13 16:40:45 [aaa {"answer":"喜欢","key_word":["hello1","hello1"]} bbb]
[INFO][question.go:30]2020/04/13 16:40:45 [<nil>]
[INFO][question.go:28]2020/04/13 16:40:45 [aaa {"answer":"喜欢","key_word":["hello1","hello1"]} bbb]
[INFO][question.go:30]2020/04/13 16:40:45 [<nil>]
[INFO][question.go:28]2020/04/13 16:40:45 [aaa {"answer":"喜欢","key_word":["hello1","hello1"]} bbb]
[INFO][question.go:30]2020/04/13 16:40:45 [<nil>]
[INFO][question.go:28]2020/04/13 16:40:45 [aaa {"answer":"喜欢","key_word":["hello1","hello1"]} bbb]
[INFO][question.go:30]2020/04/13 16:40:45 [<nil>]
[INFO][question.go:28]2020/04/13 16:40:46 [aaa {"answer":"喜欢","key_word":["hello1","hello1"]} bbb]
[INFO][question.go:30]2020/04/13 16:40:46 [<nil>]
[INFO][question.go:28]2020/04/13 16:40:46 [aaa {"answer":"喜欢","key_word":["hello1","hello1"]} bbb]
[INFO][question.go:30]2020/04/13 16:40:46 [<nil>]
[INFO][question.go:28]2020/04/13 16:47:10 [aaa  bbb]
[INFO][question.go:30]2020/04/13 16:47:10 [unexpected end of JSON input]
[INFO][question.go:14]2020/04/13 16:47:10 [0xc0002021b0 unexpected end of JSON input]
[INFO][question.go:28]2020/04/13 16:48:20 [aaa  bbb]
[INFO][question.go:30]2020/04/13 16:48:20 [unexpected end of JSON input]
[INFO][question.go:14]2020/04/13 16:48:20 [获取问题信息 0xc00038ad50 unexpected end of JSON input]
[INFO][question.go:28]2020/04/13 16:49:41 [aaa  bbb]
[INFO][question.go:30]2020/04/13 16:49:41 [unexpected end of JSON input]
[INFO][question.go:14]2020/04/13 16:49:41 [获取问题信息%s 错误%s 0xc0000952f0 unexpected end of JSON input]
[INFO][question.go:28]2020/04/13 16:50:27 [aaa  bbb]
[INFO][question.go:30]2020/04/13 16:50:27 [unexpected end of JSON input]
[INFO][question.go:14]2020/04/13 16:50:27 [获取问题信息%s 错误%s {0  0      0 <nil>}]
[INFO][question.go:19]2020/04/13 17:05:32 [EOF]
[INFO][question.go:28]2020/04/13 17:06:22 [aaa  bbb]
[INFO][question.go:30]2020/04/13 17:06:22 [unexpected end of JSON input]
[INFO][question.go:26]2020/04/13 17:06:22 [获取问题信息%s 错误%s {0  0      0 <nil>}]
[INFO][question.go:28]2020/04/13 17:06:48 [aaa {"answer":"喜欢","key_word":["hello1","hello1"]} bbb]
[INFO][question.go:30]2020/04/13 17:06:48 [<nil>]
[INFO][question.go:26]2020/04/13 17:06:48 [获取问题信息%s 错误%s {4 2020-04-02T16:26:00+08:00 1 你喜欢吃大蒜嘛 {"answer":"喜欢","key_word":["hello1","hello1"]} {"answer":"非常喜欢","key_word":["hello2","hello2"]} {"answer":"十分喜欢","key_word":["hello3","hello3"]} {"answer":"比较喜欢","key_word":["hello4","hello4"]} 1 <nil>}]
[INFO][question.go:28]2020/04/13 17:17:21 [aaa {"answer":"喜欢","key_word":["hello1","hello1"]} bbb]
[INFO][question.go:30]2020/04/13 17:17:21 [<nil>]
[INFO][question.go:29]2020/04/13 17:20:33 [出错了 unexpected end of JSON input]
[INFO][question.go:28]2020/04/13 17:21:37 [[]]
[INFO][question.go:30]2020/04/13 17:21:37 [出错了 unexpected end of JSON input]
[INFO][question.go:28]2020/04/13 17:21:37 [[]]
[INFO][question.go:30]2020/04/13 17:21:37 [出错了 unexpected end of JSON input]
[INFO][question.go:28]2020/04/13 17:22:28 [[123 34 97 110 115 119 101 114 34 58 34 229 150 156 230 172 162 34 44 34 107 101 121 95 119 111 114 100 34 58 91 34 104 101 108 108 111 49 34 44 34 104 101 108 108 111 49 34 93 125]]
[INFO][question.go:30]2020/04/13 17:22:28 [出错了 <nil>]
[INFO][question.go:19]2020/04/13 19:16:42 [json: cannot unmarshal string into Go struct field QuestionParams.Already_replace of type int]
[INFO][question.go:19]2020/04/13 19:16:53 [json: cannot unmarshal string into Go struct field QuestionParams.Already_replace of type int]
[INFO][question.go:19]2020/04/13 19:27:21 [json: cannot unmarshal string into Go struct field QuestionParams.Already_replace of type int]
[INFO][question.go:27]2020/04/13 19:27:32 [[123 34 97 110 115 119 101 114 34 58 34 229 150 156 230 172 162 34 44 34 107 101 121 95 119 111 114 100 34 58 91 34 104 101 108 108 111 49 34 44 34 104 101 108 108 111 49 34 93 125]]
[INFO][question.go:29]2020/04/13 19:27:32 [出错了 <nil>]
[INFO][question.go:27]2020/04/13 19:28:34 [[123 34 97 110 115 119 101 114 34 58 34 229 150 156 230 172 162 34 44 34 107 101 121 95 119 111 114 100 34 58 91 34 104 101 108 108 111 49 34 44 34 104 101 108 108 111 49 34 93 125]]
[INFO][question.go:29]2020/04/13 19:28:34 [出错了 <nil>]
[INFO][question.go:27]2020/04/13 19:28:48 [[123 34 97 110 115 119 101 114 34 58 34 229 150 156 230 172 162 34 44 34 107 101 121 95 119 111 114 100 34 58 91 34 104 101 108 108 111 49 34 44 34 104 101 108 108 111 49 34 93 125]]
[INFO][question.go:29]2020/04/13 19:28:48 [出错了 <nil>]
[INFO][question.go:27]2020/04/13 19:29:05 [[123 34 97 110 115 119 101 114 34 58 34 229 150 156 230 172 162 34 44 34 107 101 121 95 119 111 114 100 34 58 91 34 104 101 108 108 111 49 34 44 34 104 101 108 108 111 49 34 93 125]]
[INFO][question.go:29]2020/04/13 19:29:05 [出错了 <nil>]
[INFO][question.go:27]2020/04/13 19:30:09 [[123 34 97 110 115 119 101 114 34 58 34 229 150 156 230 172 162 34 44 34 107 101 121 95 119 111 114 100 34 58 91 34 104 101 108 108 111 49 34 44 34 104 101 108 108 111 49 34 93 125]]
[INFO][question.go:29]2020/04/13 19:30:09 [出错了 <nil>]
[INFO][question.go:27]2020/04/13 19:31:02 [[123 34 97 110 115 119 101 114 34 58 34 229 150 156 230 172 162 34 44 34 107 101 121 95 119 111 114 100 34 58 91 34 104 101 108 108 111 49 34 44 34 104 101 108 108 111 49 34 93 125]]
[INFO][question.go:29]2020/04/13 19:31:02 [出错了 <nil>]
[INFO][question.go:27]2020/04/13 19:31:04 [[123 34 97 110 115 119 101 114 34 58 34 229 150 156 230 172 162 34 44 34 107 101 121 95 119 111 114 100 34 58 91 34 104 101 108 108 111 49 34 44 34 104 101 108 108 111 49 34 93 125]]
[INFO][question.go:29]2020/04/13 19:31:04 [出错了 <nil>]
[INFO][question.go:27]2020/04/13 19:31:12 [[123 34 97 110 115 119 101 114 34 58 34 229 150 156 230 172 162 34 44 34 107 101 121 95 119 111 114 100 34 58 91 34 104 101 108 108 111 49 34 44 34 104 101 108 108 111 49 34 93 125]]
[INFO][question.go:29]2020/04/13 19:31:12 [出错了 <nil>]
[INFO][question.go:33]2020/04/13 20:53:04 [0 {喜欢 [hello1 hello1]}]
[INFO][question.go:33]2020/04/13 20:53:41 [0 {喜欢 [hello1 hello1]}]
[INFO][question.go:33]2020/04/13 20:54:14 [0 {喜欢 [hello1 hello1]}]
[INFO][question.go:33]2020/04/13 20:54:14 [1 {非常喜欢 [hello2 hello2]}]
[INFO][question.go:33]2020/04/13 20:54:14 [2 {十分喜欢 [hello3 hello3]}]
[INFO][question.go:33]2020/04/13 20:54:14 [3 {比较喜欢 [hello4 hello4]}]
[INFO][question.go:33]2020/04/13 20:54:31 [0 {喜欢 [hello1 hello1]}]
[INFO][question.go:33]2020/04/13 20:54:31 [1 {非常喜欢 [hello2 hello2]}]
[INFO][question.go:33]2020/04/13 20:54:31 [2 {十分喜欢 [hello3 hello3]}]
[INFO][question.go:33]2020/04/13 20:54:31 [3 {比较喜欢 [hello4 hello4]}]
